2025-07-19 19:39:58.628  INFO 2292 --- [main] c.d.onlybuns.OnlyBunsApplication         : Starting OnlyBunsApplication using Java 17.0.13 on DESKTOP-UOVFG2R with PID 2292 (C:\Users\Zarko\Documents\TijanaFaks\IsaOnlyBuns\OnlyBunsApplication\target\classes started by Zarko in C:\Users\Zarko\Documents\TijanaFaks\IsaOnlyBuns)
2025-07-19 19:39:58.645  INFO 2292 --- [main] c.d.onlybuns.OnlyBunsApplication         : No active profile set, falling back to default profiles: default
2025-07-19 19:40:01.345  INFO 2292 --- [main] .s.d.r.c.RepositoryConfigurationDelegate : Bootstrapping Spring Data JPA repositories in DEFAULT mode.
2025-07-19 19:40:01.523  INFO 2292 --- [main] .s.d.r.c.RepositoryConfigurationDelegate : Finished Spring Data repository scanning in 158 ms. Found 9 JPA repository interfaces.
2025-07-19 19:40:02.712  INFO 2292 --- [main] trationDelegate$BeanPostProcessorChecker : Bean 'onlyBunsApplication' of type [com.developer.onlybuns.OnlyBunsApplication$$EnhancerBySpringCGLIB$$9a27f1aa] is not eligible for getting processed by all BeanPostProcessors (for example: not eligible for auto-proxying)
2025-07-19 19:40:02.977  INFO 2292 --- [main] trationDelegate$BeanPostProcessorChecker : Bean 'org.springframework.security.access.expression.method.DefaultMethodSecurityExpressionHandler@6056232d' of type [org.springframework.security.access.expression.method.DefaultMethodSecurityExpressionHandler] is not eligible for getting processed by all BeanPostProcessors (for example: not eligible for auto-proxying)
2025-07-19 19:40:02.999  INFO 2292 --- [main] trationDelegate$BeanPostProcessorChecker : Bean 'methodSecurityMetadataSource' of type [org.springframework.security.access.method.DelegatingMethodSecurityMetadataSource] is not eligible for getting processed by all BeanPostProcessors (for example: not eligible for auto-proxying)
2025-07-19 19:40:03.649  INFO 2292 --- [main] o.s.b.w.embedded.tomcat.TomcatWebServer  : Tomcat initialized with port(s): 8080 (http)
2025-07-19 19:40:03.674  INFO 2292 --- [main] o.apache.catalina.core.StandardService   : Starting service [Tomcat]
2025-07-19 19:40:03.675  INFO 2292 --- [main] org.apache.catalina.core.StandardEngine  : Starting Servlet engine: [Apache Tomcat/9.0.48]
2025-07-19 19:40:03.929  INFO 2292 --- [main] o.a.c.c.C.[Tomcat].[localhost].[/]       : Initializing Spring embedded WebApplicationContext
2025-07-19 19:40:03.930  INFO 2292 --- [main] w.s.c.ServletWebServerApplicationContext : Root WebApplicationContext: initialization completed in 5137 ms
2025-07-19 19:40:05.253 DEBUG 2292 --- [main] org.ehcache.core.spi.ServiceLocator      : Starting 21 Services...
2025-07-19 19:40:05.261 DEBUG 2292 --- [main] o.e.i.p.DefaultLocalPersistenceService   : RootDirectory Locked
2025-07-19 19:40:05.271 DEBUG 2292 --- [main] o.e.c.i.s.DefaultStatisticsService       : Starting service
2025-07-19 19:40:05.273 DEBUG 2292 --- [main] org.ehcache.core.spi.ServiceLocator      : All Services successfully started, 21 Services in 20ms
2025-07-19 19:40:05.275 DEBUG 2292 --- [main] org.ehcache.core.EhcacheManager          : Creating Cache 'lokacijaAdresaCache' in EhcacheManager.
2025-07-19 19:40:05.281 DEBUG 2292 --- [main] o.e.i.i.s.s.DefaultSerializationProvider : Serializer for <java.lang.String> : org.ehcache.impl.serialization.StringSerializer@4e5c8ef3
2025-07-19 19:40:05.285 DEBUG 2292 --- [main] o.e.i.i.s.s.DefaultSerializationProvider : Serializer for <java.lang.String> : org.ehcache.impl.serialization.StringSerializer@50a7c72b
2025-07-19 19:40:05.304 DEBUG 2292 --- [main] o.e.i.i.spi.copy.DefaultCopyProvider     : Copier for <java.lang.String> : org.ehcache.impl.copy.IdentityCopier@3af36922
2025-07-19 19:40:05.305 DEBUG 2292 --- [main] o.e.i.i.spi.copy.DefaultCopyProvider     : Copier for <java.lang.String> : org.ehcache.impl.copy.IdentityCopier@609b041c
2025-07-19 19:40:05.331 DEBUG 2292 --- [main] o.e.i.internal.store.heap.OnHeapStore    : TTL expiration strategy detected
2025-07-19 19:40:05.508  INFO 2292 --- [main] .e.s.o.t.o.p.UpfrontAllocatingPageSource : Allocating 10.0MB in chunks
2025-07-19 19:40:05.515 DEBUG 2292 --- [pool-2-thread-1] .e.s.o.t.o.p.UpfrontAllocatingPageSource : 10.0MB chunk allocated
2025-07-19 19:40:05.516 DEBUG 2292 --- [main] .e.s.o.t.o.p.UpfrontAllocatingPageSource : Took 7 ms to create off-heap storage of 10.0MB.
2025-07-19 19:40:05.566 DEBUG 2292 --- [main] .e.s.o.t.o.p.UpfrontAllocatingPageSource : Allocating a 512B buffer from chunk 0 &0
2025-07-19 19:40:05.567 DEBUG 2292 --- [main] .e.s.o.t.o.p.UpfrontAllocatingPageSource : Allocating a 512B buffer from chunk 0 &512
2025-07-19 19:40:05.568 DEBUG 2292 --- [main] .e.s.o.t.o.p.UpfrontAllocatingPageSource : Allocating a 512B buffer from chunk 0 &1024
2025-07-19 19:40:05.568 DEBUG 2292 --- [main] .e.s.o.t.o.p.UpfrontAllocatingPageSource : Allocating a 512B buffer from chunk 0 &1536
2025-07-19 19:40:05.569 DEBUG 2292 --- [main] .e.s.o.t.o.p.UpfrontAllocatingPageSource : Allocating a 512B buffer from chunk 0 &2048
2025-07-19 19:40:05.569 DEBUG 2292 --- [main] .e.s.o.t.o.p.UpfrontAllocatingPageSource : Allocating a 512B buffer from chunk 0 &2560
2025-07-19 19:40:05.570 DEBUG 2292 --- [main] .e.s.o.t.o.p.UpfrontAllocatingPageSource : Allocating a 512B buffer from chunk 0 &3072
2025-07-19 19:40:05.570 DEBUG 2292 --- [main] .e.s.o.t.o.p.UpfrontAllocatingPageSource : Allocating a 512B buffer from chunk 0 &3584
2025-07-19 19:40:05.571 DEBUG 2292 --- [main] .e.s.o.t.o.p.UpfrontAllocatingPageSource : Allocating a 512B buffer from chunk 0 &4096
2025-07-19 19:40:05.572 DEBUG 2292 --- [main] .e.s.o.t.o.p.UpfrontAllocatingPageSource : Allocating a 512B buffer from chunk 0 &4608
2025-07-19 19:40:05.573 DEBUG 2292 --- [main] .e.s.o.t.o.p.UpfrontAllocatingPageSource : Allocating a 512B buffer from chunk 0 &5120
2025-07-19 19:40:05.574 DEBUG 2292 --- [main] .e.s.o.t.o.p.UpfrontAllocatingPageSource : Allocating a 512B buffer from chunk 0 &5632
2025-07-19 19:40:05.575 DEBUG 2292 --- [main] .e.s.o.t.o.p.UpfrontAllocatingPageSource : Allocating a 512B buffer from chunk 0 &6144
2025-07-19 19:40:05.576 DEBUG 2292 --- [main] .e.s.o.t.o.p.UpfrontAllocatingPageSource : Allocating a 512B buffer from chunk 0 &6656
2025-07-19 19:40:05.576 DEBUG 2292 --- [main] .e.s.o.t.o.p.UpfrontAllocatingPageSource : Allocating a 512B buffer from chunk 0 &7168
2025-07-19 19:40:05.577 DEBUG 2292 --- [main] .e.s.o.t.o.p.UpfrontAllocatingPageSource : Allocating a 512B buffer from chunk 0 &7680
2025-07-19 19:40:05.577  INFO 2292 --- [main] org.ehcache.core.EhcacheManager          : Cache 'lokacijaAdresaCache' created in EhcacheManager.
2025-07-19 19:40:05.578 DEBUG 2292 --- [main] org.ehcache.core.EhcacheManager          : Creating Cache 'lokacijaCache' in EhcacheManager.
2025-07-19 19:40:05.578 DEBUG 2292 --- [main] o.e.i.i.s.s.DefaultSerializationProvider : Serializer for <java.lang.Integer> : org.ehcache.impl.serialization.IntegerSerializer@2712e8f4
2025-07-19 19:40:05.579 DEBUG 2292 --- [main] o.e.i.i.s.s.DefaultSerializationProvider : Serializer for <com.developer.onlybuns.entity.Lokacija> : org.ehcache.impl.serialization.PlainJavaSerializer@5896cb9c
2025-07-19 19:40:05.579 DEBUG 2292 --- [main] o.e.i.i.spi.copy.DefaultCopyProvider     : Copier for <java.lang.Integer> : org.ehcache.impl.copy.IdentityCopier@44b9c7c4
2025-07-19 19:40:05.579 DEBUG 2292 --- [main] o.e.i.i.spi.copy.DefaultCopyProvider     : Copier for <com.developer.onlybuns.entity.Lokacija> : org.ehcache.impl.copy.IdentityCopier@674184d
2025-07-19 19:40:05.580 DEBUG 2292 --- [main] o.e.i.internal.store.heap.OnHeapStore    : TTL expiration strategy detected
2025-07-19 19:40:05.594  INFO 2292 --- [main] .e.s.o.t.o.p.UpfrontAllocatingPageSource : Allocating 10.0MB in chunks
2025-07-19 19:40:05.599 DEBUG 2292 --- [pool-3-thread-1] .e.s.o.t.o.p.UpfrontAllocatingPageSource : 10.0MB chunk allocated
2025-07-19 19:40:05.600 DEBUG 2292 --- [main] .e.s.o.t.o.p.UpfrontAllocatingPageSource : Took 4 ms to create off-heap storage of 10.0MB.
2025-07-19 19:40:05.601 DEBUG 2292 --- [main] .e.s.o.t.o.p.UpfrontAllocatingPageSource : Allocating a 512B buffer from chunk 0 &0
2025-07-19 19:40:05.601 DEBUG 2292 --- [main] .e.s.o.t.o.p.UpfrontAllocatingPageSource : Allocating a 512B buffer from chunk 0 &512
2025-07-19 19:40:05.602 DEBUG 2292 --- [main] .e.s.o.t.o.p.UpfrontAllocatingPageSource : Allocating a 512B buffer from chunk 0 &1024
2025-07-19 19:40:05.602 DEBUG 2292 --- [main] .e.s.o.t.o.p.UpfrontAllocatingPageSource : Allocating a 512B buffer from chunk 0 &1536
2025-07-19 19:40:05.602 DEBUG 2292 --- [main] .e.s.o.t.o.p.UpfrontAllocatingPageSource : Allocating a 512B buffer from chunk 0 &2048
2025-07-19 19:40:05.602 DEBUG 2292 --- [main] .e.s.o.t.o.p.UpfrontAllocatingPageSource : Allocating a 512B buffer from chunk 0 &2560
2025-07-19 19:40:05.603 DEBUG 2292 --- [main] .e.s.o.t.o.p.UpfrontAllocatingPageSource : Allocating a 512B buffer from chunk 0 &3072
2025-07-19 19:40:05.603 DEBUG 2292 --- [main] .e.s.o.t.o.p.UpfrontAllocatingPageSource : Allocating a 512B buffer from chunk 0 &3584
2025-07-19 19:40:05.604 DEBUG 2292 --- [main] .e.s.o.t.o.p.UpfrontAllocatingPageSource : Allocating a 512B buffer from chunk 0 &4096
2025-07-19 19:40:05.604 DEBUG 2292 --- [main] .e.s.o.t.o.p.UpfrontAllocatingPageSource : Allocating a 512B buffer from chunk 0 &4608
2025-07-19 19:40:05.605 DEBUG 2292 --- [main] .e.s.o.t.o.p.UpfrontAllocatingPageSource : Allocating a 512B buffer from chunk 0 &5120
2025-07-19 19:40:05.606 DEBUG 2292 --- [main] .e.s.o.t.o.p.UpfrontAllocatingPageSource : Allocating a 512B buffer from chunk 0 &5632
2025-07-19 19:40:05.606 DEBUG 2292 --- [main] .e.s.o.t.o.p.UpfrontAllocatingPageSource : Allocating a 512B buffer from chunk 0 &6144
2025-07-19 19:40:05.607 DEBUG 2292 --- [main] .e.s.o.t.o.p.UpfrontAllocatingPageSource : Allocating a 512B buffer from chunk 0 &6656
2025-07-19 19:40:05.608 DEBUG 2292 --- [main] .e.s.o.t.o.p.UpfrontAllocatingPageSource : Allocating a 512B buffer from chunk 0 &7168
2025-07-19 19:40:05.608 DEBUG 2292 --- [main] .e.s.o.t.o.p.UpfrontAllocatingPageSource : Allocating a 512B buffer from chunk 0 &7680
2025-07-19 19:40:05.608  INFO 2292 --- [main] org.ehcache.core.EhcacheManager          : Cache 'lokacijaCache' created in EhcacheManager.
2025-07-19 19:40:05.609 DEBUG 2292 --- [main] o.e.c.i.s.DefaultStatisticsService       : Moving from UNINITIALIZED to AVAILABLE
2025-07-19 19:40:05.609 DEBUG 2292 --- [main] o.e.c.i.s.DefaultStatisticsService       : Cache added lokacijaAdresaCache
2025-07-19 19:40:05.634 DEBUG 2292 --- [main] o.e.c.i.s.DefaultStatisticsService       : Cache added lokacijaCache
2025-07-19 19:40:05.642 DEBUG 2292 --- [main] org.ehcache.core.EhcacheManager          : Initialize successful.
2025-07-19 19:40:05.682  INFO 2292 --- [main] org.ehcache.jsr107.Eh107CacheManager     : Registering Ehcache MBean javax.cache:type=CacheStatistics,CacheManager=file./C./Users/Zarko/Documents/TijanaFaks/IsaOnlyBuns/OnlyBunsApplication/target/classes/ehcache-test.xml,Cache=lokacijaAdresaCache
2025-07-19 19:40:05.685  INFO 2292 --- [main] org.ehcache.jsr107.Eh107CacheManager     : Registering Ehcache MBean javax.cache:type=CacheStatistics,CacheManager=file./C./Users/Zarko/Documents/TijanaFaks/IsaOnlyBuns/OnlyBunsApplication/target/classes/ehcache-test.xml,Cache=lokacijaCache
2025-07-19 19:40:05.695  INFO 2292 --- [main] org.ehcache.jsr107.Eh107CacheManager     : Registering Ehcache MBean javax.cache:type=CacheStatistics,CacheManager=file./C./Users/Zarko/Documents/TijanaFaks/IsaOnlyBuns/OnlyBunsApplication/target/classes/ehcache-test.xml,Cache=lokacijaAdresaCache
2025-07-19 19:40:05.696  INFO 2292 --- [main] org.ehcache.jsr107.Eh107CacheManager     : Registering Ehcache MBean javax.cache:type=CacheStatistics,CacheManager=file./C./Users/Zarko/Documents/TijanaFaks/IsaOnlyBuns/OnlyBunsApplication/target/classes/ehcache-test.xml,Cache=lokacijaCache
2025-07-19 19:40:06.006  INFO 2292 --- [main] o.hibernate.jpa.internal.util.LogHelper  : HHH000204: Processing PersistenceUnitInfo [name: default]
2025-07-19 19:40:06.154  INFO 2292 --- [main] org.hibernate.Version                    : HHH000412: Hibernate ORM core version 5.4.32.Final
2025-07-19 19:40:06.552  INFO 2292 --- [main] o.hibernate.annotations.common.Version   : HCANN000001: Hibernate Commons Annotations {5.1.2.Final}
2025-07-19 19:40:06.839  INFO 2292 --- [main] com.zaxxer.hikari.HikariDataSource       : HikariPool-1 - Starting...
2025-07-19 19:40:07.283  INFO 2292 --- [main] com.zaxxer.hikari.HikariDataSource       : HikariPool-1 - Start completed.
2025-07-19 19:40:07.331  INFO 2292 --- [main] org.hibernate.dialect.Dialect            : HHH000400: Using dialect: org.hibernate.dialect.PostgreSQLDialect
2025-07-19 19:40:09.591  INFO 2292 --- [main] o.h.e.t.j.p.i.JtaPlatformInitiator       : HHH000490: Using JtaPlatform implementation: [org.hibernate.engine.transaction.jta.platform.internal.NoJtaPlatform]
2025-07-19 19:40:09.612  INFO 2292 --- [main] j.LocalContainerEntityManagerFactoryBean : Initialized JPA EntityManagerFactory for persistence unit 'default'
2025-07-19 19:40:12.572  WARN 2292 --- [main] JpaBaseConfiguration$JpaWebConfiguration : spring.jpa.open-in-view is enabled by default. Therefore, database queries may be performed during view rendering. Explicitly configure spring.jpa.open-in-view to disable this warning
2025-07-19 19:40:13.800  INFO 2292 --- [main] o.s.s.web.DefaultSecurityFilterChain     : Will secure any request with [org.springframework.security.web.context.request.async.WebAsyncManagerIntegrationFilter@5c452e69, org.springframework.security.web.context.SecurityContextPersistenceFilter@6df8131c, org.springframework.security.web.header.HeaderWriterFilter@30dbcffd, org.springframework.web.filter.CorsFilter@5c519681, org.springframework.security.web.authentication.logout.LogoutFilter@3a892b9f, com.developer.onlybuns.securityauth.TokenAuthenticationFilter@5d6d6533, org.springframework.security.web.savedrequest.RequestCacheAwareFilter@3d2af8d7, org.springframework.security.web.servletapi.SecurityContextHolderAwareRequestFilter@22071f0, org.springframework.security.web.authentication.AnonymousAuthenticationFilter@372153eb, org.springframework.security.web.session.SessionManagementFilter@2ae92511, org.springframework.security.web.access.ExceptionTranslationFilter@5ce59833, org.springframework.security.web.access.intercept.FilterSecurityInterceptor@504ccf42]
2025-07-19 19:40:13.813  INFO 2292 --- [main] o.s.s.web.DefaultSecurityFilterChain     : Will secure Ant [pattern='/auth/login', POST] with []
2025-07-19 19:40:13.813  INFO 2292 --- [main] o.s.s.web.DefaultSecurityFilterChain     : Will secure Ant [pattern='/', GET] with []
2025-07-19 19:40:13.814  INFO 2292 --- [main] o.s.s.web.DefaultSecurityFilterChain     : Will secure Ant [pattern='/webjars/**', GET] with []
2025-07-19 19:40:13.815  INFO 2292 --- [main] o.s.s.web.DefaultSecurityFilterChain     : Will secure Ant [pattern='/*.html', GET] with []
2025-07-19 19:40:13.816  INFO 2292 --- [main] o.s.s.web.DefaultSecurityFilterChain     : Will secure Ant [pattern='favicon.ico', GET] with []
2025-07-19 19:40:13.817  INFO 2292 --- [main] o.s.s.web.DefaultSecurityFilterChain     : Will secure Ant [pattern='/**/*.html', GET] with []
2025-07-19 19:40:13.817  INFO 2292 --- [main] o.s.s.web.DefaultSecurityFilterChain     : Will secure Ant [pattern='/**/*.css', GET] with []
2025-07-19 19:40:13.817  INFO 2292 --- [main] o.s.s.web.DefaultSecurityFilterChain     : Will secure Ant [pattern='/**/*.js', GET] with []
2025-07-19 19:40:14.691  INFO 2292 --- [main] o.s.b.w.embedded.tomcat.TomcatWebServer  : Tomcat started on port(s): 8080 (http) with context path ''
2025-07-19 19:40:14.723  INFO 2292 --- [main] c.d.onlybuns.OnlyBunsApplication         : Started OnlyBunsApplication in 16.903 seconds (JVM running for 18.577)
2025-07-19 19:41:07.268  INFO 2292 --- [http-nio-8080-exec-1] o.a.c.c.C.[Tomcat].[localhost].[/]       : Initializing Spring DispatcherServlet 'dispatcherServlet'
2025-07-19 19:41:07.268  INFO 2292 --- [http-nio-8080-exec-1] o.s.web.servlet.DispatcherServlet        : Initializing Servlet 'dispatcherServlet'
2025-07-19 19:41:07.270  INFO 2292 --- [http-nio-8080-exec-1] o.s.web.servlet.DispatcherServlet        : Completed initialization in 2 ms
2025-07-19 19:41:07.586 TRACE 2292 --- [http-nio-8080-exec-1] o.s.cache.interceptor.CacheInterceptor   : Computed cache key '45.8287792_20.45098' for operation Builder[public java.lang.String com.developer.onlybuns.service.impl.LokacijaServiceImpl.getAdresa(double,double)] caches=[lokacijaAdresaCache] | key='#latituda + '_' + #longituda' | keyGenerator='' | cacheManager='' | cacheResolver='' | condition='' | unless='#result == null' | sync='false'
2025-07-19 19:41:07.594 TRACE 2292 --- [http-nio-8080-exec-1] o.s.cache.interceptor.CacheInterceptor   : No cache entry for key '45.8287792_20.45098' in cache(s) [lokacijaAdresaCache]
2025-07-19 19:41:07.595 TRACE 2292 --- [http-nio-8080-exec-1] o.s.cache.interceptor.CacheInterceptor   : Computed cache key '45.8287792_20.45098' for operation Builder[public java.lang.String com.developer.onlybuns.service.impl.LokacijaServiceImpl.getAdresa(double,double)] caches=[lokacijaAdresaCache] | key='#latituda + '_' + #longituda' | keyGenerator='' | cacheManager='' | cacheResolver='' | condition='' | unless='#result == null' | sync='false'
2025-07-19 19:41:07.604  INFO 2292 --- [http-nio-8080-exec-1] c.d.o.service.impl.LokacijaServiceImpl   : >>> FETCHING address from API for: 45.8287792 , 20.45098
2025-07-19 19:41:08.321 DEBUG 2292 --- [http-nio-8080-exec-1] .e.s.o.t.o.p.UpfrontAllocatingPageSource : Allocating a 32KB buffer from chunk 0 &10452992
2025-07-19 19:41:08.322 DEBUG 2292 --- [http-nio-8080-exec-1] o.e.s.o.t.o.paging.OffHeapStorageArea    : Data area expanded from 32KB to 64KB [occupation=0.0]
2025-07-19 19:41:08.327  INFO 2292 --- [Ehcache [_default_]-0] c.developer.onlybuns.logger.CacheLogger  : Cache event: CREATED | key: 45.8287792_20.45098 | old value: null | new value: 46, Сутјеска, АБЦ насеље, Кикинда, Град Кикинда, Севернобанатски управни округ, Војводина, 23300, Србија
2025-07-19 19:41:08.331 TRACE 2292 --- [http-nio-8080-exec-1] o.s.cache.interceptor.CacheInterceptor   : Computed cache key '46.0993601_19.6436327' for operation Builder[public java.lang.String com.developer.onlybuns.service.impl.LokacijaServiceImpl.getAdresa(double,double)] caches=[lokacijaAdresaCache] | key='#latituda + '_' + #longituda' | keyGenerator='' | cacheManager='' | cacheResolver='' | condition='' | unless='#result == null' | sync='false'
2025-07-19 19:41:08.331 TRACE 2292 --- [http-nio-8080-exec-1] o.s.cache.interceptor.CacheInterceptor   : No cache entry for key '46.0993601_19.6436327' in cache(s) [lokacijaAdresaCache]
2025-07-19 19:41:08.331 TRACE 2292 --- [http-nio-8080-exec-1] o.s.cache.interceptor.CacheInterceptor   : Computed cache key '46.0993601_19.6436327' for operation Builder[public java.lang.String com.developer.onlybuns.service.impl.LokacijaServiceImpl.getAdresa(double,double)] caches=[lokacijaAdresaCache] | key='#latituda + '_' + #longituda' | keyGenerator='' | cacheManager='' | cacheResolver='' | condition='' | unless='#result == null' | sync='false'
2025-07-19 19:41:08.332  INFO 2292 --- [http-nio-8080-exec-1] c.d.o.service.impl.LokacijaServiceImpl   : >>> FETCHING address from API for: 46.0993601 , 19.6436327
2025-07-19 19:41:09.223 DEBUG 2292 --- [http-nio-8080-exec-1] .e.s.o.t.o.p.UpfrontAllocatingPageSource : Allocating a 32KB buffer from chunk 0 &10420224
2025-07-19 19:41:09.223 DEBUG 2292 --- [http-nio-8080-exec-1] o.e.s.o.t.o.paging.OffHeapStorageArea    : Data area expanded from 32KB to 64KB [occupation=0.0]
2025-07-19 19:41:09.224 TRACE 2292 --- [http-nio-8080-exec-1] o.s.cache.interceptor.CacheInterceptor   : Computed cache key '45.8305733_20.4542949' for operation Builder[public java.lang.String com.developer.onlybuns.service.impl.LokacijaServiceImpl.getAdresa(double,double)] caches=[lokacijaAdresaCache] | key='#latituda + '_' + #longituda' | keyGenerator='' | cacheManager='' | cacheResolver='' | condition='' | unless='#result == null' | sync='false'
2025-07-19 19:41:09.225 TRACE 2292 --- [http-nio-8080-exec-1] o.s.cache.interceptor.CacheInterceptor   : No cache entry for key '45.8305733_20.4542949' in cache(s) [lokacijaAdresaCache]
2025-07-19 19:41:09.226 TRACE 2292 --- [http-nio-8080-exec-1] o.s.cache.interceptor.CacheInterceptor   : Computed cache key '45.8305733_20.4542949' for operation Builder[public java.lang.String com.developer.onlybuns.service.impl.LokacijaServiceImpl.getAdresa(double,double)] caches=[lokacijaAdresaCache] | key='#latituda + '_' + #longituda' | keyGenerator='' | cacheManager='' | cacheResolver='' | condition='' | unless='#result == null' | sync='false'
2025-07-19 19:41:09.226  INFO 2292 --- [http-nio-8080-exec-1] c.d.o.service.impl.LokacijaServiceImpl   : >>> FETCHING address from API for: 45.8305733 , 20.4542949
2025-07-19 19:41:09.231  INFO 2292 --- [Ehcache [_default_]-0] c.developer.onlybuns.logger.CacheLogger  : Cache event: CREATED | key: 46.0993601_19.6436327 | old value: null | new value: 8, Марка Краљевића, Ново село, МЗ Ново Село, Суботица, Град Суботица, Севернобачки управни округ, Војводина, 24000, Србија
2025-07-19 19:41:10.193 DEBUG 2292 --- [http-nio-8080-exec-1] .e.s.o.t.o.p.UpfrontAllocatingPageSource : Allocating a 32KB buffer from chunk 0 &10387456
2025-07-19 19:41:10.193 DEBUG 2292 --- [http-nio-8080-exec-1] o.e.s.o.t.o.paging.OffHeapStorageArea    : Data area expanded from 32KB to 64KB [occupation=0.0]
2025-07-19 19:41:10.195 TRACE 2292 --- [http-nio-8080-exec-1] o.s.cache.interceptor.CacheInterceptor   : Computed cache key '45.8147097_20.4606593' for operation Builder[public java.lang.String com.developer.onlybuns.service.impl.LokacijaServiceImpl.getAdresa(double,double)] caches=[lokacijaAdresaCache] | key='#latituda + '_' + #longituda' | keyGenerator='' | cacheManager='' | cacheResolver='' | condition='' | unless='#result == null' | sync='false'
2025-07-19 19:41:10.195 TRACE 2292 --- [http-nio-8080-exec-1] o.s.cache.interceptor.CacheInterceptor   : No cache entry for key '45.8147097_20.4606593' in cache(s) [lokacijaAdresaCache]
2025-07-19 19:41:10.196 TRACE 2292 --- [http-nio-8080-exec-1] o.s.cache.interceptor.CacheInterceptor   : Computed cache key '45.8147097_20.4606593' for operation Builder[public java.lang.String com.developer.onlybuns.service.impl.LokacijaServiceImpl.getAdresa(double,double)] caches=[lokacijaAdresaCache] | key='#latituda + '_' + #longituda' | keyGenerator='' | cacheManager='' | cacheResolver='' | condition='' | unless='#result == null' | sync='false'
2025-07-19 19:41:10.196  INFO 2292 --- [http-nio-8080-exec-1] c.d.o.service.impl.LokacijaServiceImpl   : >>> FETCHING address from API for: 45.8147097 , 20.4606593
2025-07-19 19:41:10.194  INFO 2292 --- [Ehcache [_default_]-0] c.developer.onlybuns.logger.CacheLogger  : Cache event: CREATED | key: 45.8305733_20.4542949 | old value: null | new value: 2, Сутјеска, АБЦ насеље, Кикинда, Град Кикинда, Севернобанатски управни округ, Војводина, 23300, Србија
2025-07-19 19:41:11.215 DEBUG 2292 --- [http-nio-8080-exec-1] .e.s.o.t.o.p.UpfrontAllocatingPageSource : Allocating a 32KB buffer from chunk 0 &10354688
2025-07-19 19:41:11.216 DEBUG 2292 --- [http-nio-8080-exec-1] o.e.s.o.t.o.paging.OffHeapStorageArea    : Data area expanded from 32KB to 64KB [occupation=0.0]
2025-07-19 19:41:11.216  INFO 2292 --- [Ehcache [_default_]-0] c.developer.onlybuns.logger.CacheLogger  : Cache event: CREATED | key: 45.8147097_20.4606593 | old value: null | new value: 5, Данила Косића, Тозино насеље, Кикинда, Град Кикинда, Севернобанатски управни округ, Војводина, 23300, Србија
2025-07-19 19:41:11.411 TRACE 2292 --- [http-nio-8080-exec-2] o.s.cache.interceptor.CacheInterceptor   : Computed cache key '45.8287792_20.45098' for operation Builder[public java.lang.String com.developer.onlybuns.service.impl.LokacijaServiceImpl.getAdresa(double,double)] caches=[lokacijaAdresaCache] | key='#latituda + '_' + #longituda' | keyGenerator='' | cacheManager='' | cacheResolver='' | condition='' | unless='#result == null' | sync='false'
2025-07-19 19:41:11.417 TRACE 2292 --- [http-nio-8080-exec-2] o.s.cache.interceptor.CacheInterceptor   : Cache entry for key '45.8287792_20.45098' found in cache 'lokacijaAdresaCache'
2025-07-19 19:41:11.418 TRACE 2292 --- [http-nio-8080-exec-2] o.s.cache.interceptor.CacheInterceptor   : Computed cache key '46.0993601_19.6436327' for operation Builder[public java.lang.String com.developer.onlybuns.service.impl.LokacijaServiceImpl.getAdresa(double,double)] caches=[lokacijaAdresaCache] | key='#latituda + '_' + #longituda' | keyGenerator='' | cacheManager='' | cacheResolver='' | condition='' | unless='#result == null' | sync='false'
2025-07-19 19:41:11.419 TRACE 2292 --- [http-nio-8080-exec-2] o.s.cache.interceptor.CacheInterceptor   : Cache entry for key '46.0993601_19.6436327' found in cache 'lokacijaAdresaCache'
2025-07-19 19:41:11.420 TRACE 2292 --- [http-nio-8080-exec-2] o.s.cache.interceptor.CacheInterceptor   : Computed cache key '45.8305733_20.4542949' for operation Builder[public java.lang.String com.developer.onlybuns.service.impl.LokacijaServiceImpl.getAdresa(double,double)] caches=[lokacijaAdresaCache] | key='#latituda + '_' + #longituda' | keyGenerator='' | cacheManager='' | cacheResolver='' | condition='' | unless='#result == null' | sync='false'
2025-07-19 19:41:11.421 TRACE 2292 --- [http-nio-8080-exec-2] o.s.cache.interceptor.CacheInterceptor   : Cache entry for key '45.8305733_20.4542949' found in cache 'lokacijaAdresaCache'
2025-07-19 19:41:11.422 TRACE 2292 --- [http-nio-8080-exec-2] o.s.cache.interceptor.CacheInterceptor   : Computed cache key '45.8147097_20.4606593' for operation Builder[public java.lang.String com.developer.onlybuns.service.impl.LokacijaServiceImpl.getAdresa(double,double)] caches=[lokacijaAdresaCache] | key='#latituda + '_' + #longituda' | keyGenerator='' | cacheManager='' | cacheResolver='' | condition='' | unless='#result == null' | sync='false'
2025-07-19 19:41:11.423 TRACE 2292 --- [http-nio-8080-exec-2] o.s.cache.interceptor.CacheInterceptor   : Cache entry for key '45.8147097_20.4606593' found in cache 'lokacijaAdresaCache'
2025-07-19 19:47:38.406 TRACE 2292 --- [http-nio-8080-exec-1] o.s.cache.interceptor.CacheInterceptor   : Computed cache key '45.8283464_20.4503671' for operation Builder[public java.lang.String com.developer.onlybuns.service.impl.LokacijaServiceImpl.getAdresa(double,double)] caches=[lokacijaAdresaCache] | key='#latituda + '_' + #longituda' | keyGenerator='' | cacheManager='' | cacheResolver='' | condition='' | unless='#result == null' | sync='false'
2025-07-19 19:47:38.407 TRACE 2292 --- [http-nio-8080-exec-1] o.s.cache.interceptor.CacheInterceptor   : No cache entry for key '45.8283464_20.4503671' in cache(s) [lokacijaAdresaCache]
2025-07-19 19:47:38.408 TRACE 2292 --- [http-nio-8080-exec-1] o.s.cache.interceptor.CacheInterceptor   : Computed cache key '45.8283464_20.4503671' for operation Builder[public java.lang.String com.developer.onlybuns.service.impl.LokacijaServiceImpl.getAdresa(double,double)] caches=[lokacijaAdresaCache] | key='#latituda + '_' + #longituda' | keyGenerator='' | cacheManager='' | cacheResolver='' | condition='' | unless='#result == null' | sync='false'
2025-07-19 19:47:38.408  INFO 2292 --- [http-nio-8080-exec-1] c.d.o.service.impl.LokacijaServiceImpl   : >>> FETCHING address from API for: 45.8283464 , 20.4503671
2025-07-19 19:47:38.721  INFO 2292 --- [Ehcache [_default_]-1] c.developer.onlybuns.logger.CacheLogger  : Cache event: CREATED | key: 45.8283464_20.4503671 | old value: null | new value: 56, Сутјеска, АБЦ насеље, Кикинда, Град Кикинда, Севернобанатски управни округ, Војводина, 23300, Србија
2025-07-19 19:47:38.742 TRACE 2292 --- [http-nio-8080-exec-2] o.s.cache.interceptor.CacheInterceptor   : Computed cache key '45.8283464_20.4503671' for operation Builder[public java.lang.String com.developer.onlybuns.service.impl.LokacijaServiceImpl.getAdresa(double,double)] caches=[lokacijaAdresaCache] | key='#latituda + '_' + #longituda' | keyGenerator='' | cacheManager='' | cacheResolver='' | condition='' | unless='#result == null' | sync='false'
2025-07-19 19:47:38.743 TRACE 2292 --- [http-nio-8080-exec-2] o.s.cache.interceptor.CacheInterceptor   : Cache entry for key '45.8283464_20.4503671' found in cache 'lokacijaAdresaCache'
2025-07-19 19:47:44.146 TRACE 2292 --- [http-nio-8080-exec-7] o.s.cache.interceptor.CacheInterceptor   : Computed cache key '45.8283464_20.4503671' for operation Builder[public java.lang.String com.developer.onlybuns.service.impl.LokacijaServiceImpl.getAdresa(double,double)] caches=[lokacijaAdresaCache] | key='#latituda + '_' + #longituda' | keyGenerator='' | cacheManager='' | cacheResolver='' | condition='' | unless='#result == null' | sync='false'
2025-07-19 19:47:44.146 TRACE 2292 --- [http-nio-8080-exec-7] o.s.cache.interceptor.CacheInterceptor   : Cache entry for key '45.8283464_20.4503671' found in cache 'lokacijaAdresaCache'
2025-07-19 19:47:44.164 TRACE 2292 --- [http-nio-8080-exec-8] o.s.cache.interceptor.CacheInterceptor   : Computed cache key '45.8283464_20.4503671' for operation Builder[public java.lang.String com.developer.onlybuns.service.impl.LokacijaServiceImpl.getAdresa(double,double)] caches=[lokacijaAdresaCache] | key='#latituda + '_' + #longituda' | keyGenerator='' | cacheManager='' | cacheResolver='' | condition='' | unless='#result == null' | sync='false'
2025-07-19 19:47:44.164 TRACE 2292 --- [http-nio-8080-exec-8] o.s.cache.interceptor.CacheInterceptor   : Cache entry for key '45.8283464_20.4503671' found in cache 'lokacijaAdresaCache'
2025-07-19 19:47:44.490 TRACE 2292 --- [http-nio-8080-exec-9] o.s.cache.interceptor.CacheInterceptor   : Computed cache key '45.8147097_20.4606593' for operation Builder[public java.lang.String com.developer.onlybuns.service.impl.LokacijaServiceImpl.getAdresa(double,double)] caches=[lokacijaAdresaCache] | key='#latituda + '_' + #longituda' | keyGenerator='' | cacheManager='' | cacheResolver='' | condition='' | unless='#result == null' | sync='false'
2025-07-19 19:47:44.494 DEBUG 2292 --- [http-nio-8080-exec-9] o.e.s.o.t.offheapstore.OffHeapHashMap    : Shrinking table from 32 slots to 1 slots [load-factor=0.0]
2025-07-19 19:47:44.495 DEBUG 2292 --- [http-nio-8080-exec-9] .e.s.o.t.o.p.UpfrontAllocatingPageSource : Allocating a 16B buffer from chunk 0 &8192
2025-07-19 19:47:44.496 DEBUG 2292 --- [http-nio-8080-exec-9] o.e.s.o.t.offheapstore.OffHeapHashMap    : Table shrinking from 32 slots to 1 slots complete : took 2.6464ms
2025-07-19 19:47:44.497 DEBUG 2292 --- [http-nio-8080-exec-9] .e.s.o.t.o.p.UpfrontAllocatingPageSource : Freeing a 512B buffer from chunk 0 &7168
2025-07-19 19:47:44.499  INFO 2292 --- [Ehcache [_default_]-1] c.developer.onlybuns.logger.CacheLogger  : Cache event: EXPIRED | key: 45.8147097_20.4606593 | old value: 5, Данила Косића, Тозино насеље, Кикинда, Град Кикинда, Севернобанатски управни округ, Војводина, 23300, Србија | new value: null
2025-07-19 19:47:44.499 TRACE 2292 --- [http-nio-8080-exec-9] o.s.cache.interceptor.CacheInterceptor   : No cache entry for key '45.8147097_20.4606593' in cache(s) [lokacijaAdresaCache]
2025-07-19 19:47:44.500 TRACE 2292 --- [http-nio-8080-exec-9] o.s.cache.interceptor.CacheInterceptor   : Computed cache key '45.8147097_20.4606593' for operation Builder[public java.lang.String com.developer.onlybuns.service.impl.LokacijaServiceImpl.getAdresa(double,double)] caches=[lokacijaAdresaCache] | key='#latituda + '_' + #longituda' | keyGenerator='' | cacheManager='' | cacheResolver='' | condition='' | unless='#result == null' | sync='false'
2025-07-19 19:47:44.500  INFO 2292 --- [http-nio-8080-exec-9] c.d.o.service.impl.LokacijaServiceImpl   : >>> FETCHING address from API for: 45.8147097 , 20.4606593
2025-07-19 19:47:46.434 TRACE 2292 --- [http-nio-8080-exec-9] o.s.cache.interceptor.CacheInterceptor   : Computed cache key '45.8305733_20.4542949' for operation Builder[public java.lang.String com.developer.onlybuns.service.impl.LokacijaServiceImpl.getAdresa(double,double)] caches=[lokacijaAdresaCache] | key='#latituda + '_' + #longituda' | keyGenerator='' | cacheManager='' | cacheResolver='' | condition='' | unless='#result == null' | sync='false'
2025-07-19 19:47:46.434  INFO 2292 --- [Ehcache [_default_]-1] c.developer.onlybuns.logger.CacheLogger  : Cache event: CREATED | key: 45.8147097_20.4606593 | old value: null | new value: 5, Данила Косића, Тозино насеље, Кикинда, Град Кикинда, Севернобанатски управни округ, Војводина, 23300, Србија
2025-07-19 19:47:46.435 DEBUG 2292 --- [http-nio-8080-exec-9] o.e.s.o.t.offheapstore.OffHeapHashMap    : Shrinking table from 32 slots to 1 slots [load-factor=0.0]
2025-07-19 19:47:46.435 DEBUG 2292 --- [http-nio-8080-exec-9] .e.s.o.t.o.p.UpfrontAllocatingPageSource : Allocating a 16B buffer from chunk 0 &7168
2025-07-19 19:47:46.436 DEBUG 2292 --- [http-nio-8080-exec-9] o.e.s.o.t.offheapstore.OffHeapHashMap    : Table shrinking from 32 slots to 1 slots complete : took 0.601ms
2025-07-19 19:47:46.436 DEBUG 2292 --- [http-nio-8080-exec-9] .e.s.o.t.o.p.UpfrontAllocatingPageSource : Freeing a 512B buffer from chunk 0 &4608
2025-07-19 19:47:46.437 TRACE 2292 --- [http-nio-8080-exec-9] o.s.cache.interceptor.CacheInterceptor   : No cache entry for key '45.8305733_20.4542949' in cache(s) [lokacijaAdresaCache]
2025-07-19 19:47:46.437  INFO 2292 --- [Ehcache [_default_]-1] c.developer.onlybuns.logger.CacheLogger  : Cache event: EXPIRED | key: 45.8305733_20.4542949 | old value: 2, Сутјеска, АБЦ насеље, Кикинда, Град Кикинда, Севернобанатски управни округ, Војводина, 23300, Србија | new value: null
2025-07-19 19:47:46.437 TRACE 2292 --- [http-nio-8080-exec-9] o.s.cache.interceptor.CacheInterceptor   : Computed cache key '45.8305733_20.4542949' for operation Builder[public java.lang.String com.developer.onlybuns.service.impl.LokacijaServiceImpl.getAdresa(double,double)] caches=[lokacijaAdresaCache] | key='#latituda + '_' + #longituda' | keyGenerator='' | cacheManager='' | cacheResolver='' | condition='' | unless='#result == null' | sync='false'
2025-07-19 19:47:46.437  INFO 2292 --- [http-nio-8080-exec-9] c.d.o.service.impl.LokacijaServiceImpl   : >>> FETCHING address from API for: 45.8305733 , 20.4542949
2025-07-19 19:47:47.405 TRACE 2292 --- [http-nio-8080-exec-9] o.s.cache.interceptor.CacheInterceptor   : Computed cache key '46.0993601_19.6436327' for operation Builder[public java.lang.String com.developer.onlybuns.service.impl.LokacijaServiceImpl.getAdresa(double,double)] caches=[lokacijaAdresaCache] | key='#latituda + '_' + #longituda' | keyGenerator='' | cacheManager='' | cacheResolver='' | condition='' | unless='#result == null' | sync='false'
2025-07-19 19:47:47.407 DEBUG 2292 --- [http-nio-8080-exec-9] o.e.s.o.t.offheapstore.OffHeapHashMap    : Shrinking table from 32 slots to 2 slots [load-factor=0.03125]
2025-07-19 19:47:47.406  INFO 2292 --- [Ehcache [_default_]-1] c.developer.onlybuns.logger.CacheLogger  : Cache event: CREATED | key: 45.8305733_20.4542949 | old value: null | new value: 2, Сутјеска, АБЦ насеље, Кикинда, Град Кикинда, Севернобанатски управни округ, Војводина, 23300, Србија
2025-07-19 19:47:47.408 DEBUG 2292 --- [http-nio-8080-exec-9] .e.s.o.t.o.p.UpfrontAllocatingPageSource : Allocating a 32B buffer from chunk 0 &4608
2025-07-19 19:47:47.410 DEBUG 2292 --- [http-nio-8080-exec-9] o.e.s.o.t.offheapstore.OffHeapHashMap    : Table shrinking from 32 slots to 2 slots complete : took 3.1787ms
2025-07-19 19:47:47.410 DEBUG 2292 --- [http-nio-8080-exec-9] .e.s.o.t.o.p.UpfrontAllocatingPageSource : Freeing a 512B buffer from chunk 0 &5120
2025-07-19 19:47:47.411 TRACE 2292 --- [http-nio-8080-exec-9] o.s.cache.interceptor.CacheInterceptor   : No cache entry for key '46.0993601_19.6436327' in cache(s) [lokacijaAdresaCache]
2025-07-19 19:47:47.411 TRACE 2292 --- [http-nio-8080-exec-9] o.s.cache.interceptor.CacheInterceptor   : Computed cache key '46.0993601_19.6436327' for operation Builder[public java.lang.String com.developer.onlybuns.service.impl.LokacijaServiceImpl.getAdresa(double,double)] caches=[lokacijaAdresaCache] | key='#latituda + '_' + #longituda' | keyGenerator='' | cacheManager='' | cacheResolver='' | condition='' | unless='#result == null' | sync='false'
2025-07-19 19:47:47.411  INFO 2292 --- [http-nio-8080-exec-9] c.d.o.service.impl.LokacijaServiceImpl   : >>> FETCHING address from API for: 46.0993601 , 19.6436327
2025-07-19 19:47:47.416  INFO 2292 --- [Ehcache [_default_]-1] c.developer.onlybuns.logger.CacheLogger  : Cache event: EXPIRED | key: 46.0993601_19.6436327 | old value: 8, Марка Краљевића, Ново село, МЗ Ново Село, Суботица, Град Суботица, Севернобачки управни округ, Војводина, 24000, Србија | new value: null
2025-07-19 19:47:48.441 TRACE 2292 --- [http-nio-8080-exec-9] o.s.cache.interceptor.CacheInterceptor   : Computed cache key '45.8287792_20.45098' for operation Builder[public java.lang.String com.developer.onlybuns.service.impl.LokacijaServiceImpl.getAdresa(double,double)] caches=[lokacijaAdresaCache] | key='#latituda + '_' + #longituda' | keyGenerator='' | cacheManager='' | cacheResolver='' | condition='' | unless='#result == null' | sync='false'
2025-07-19 19:47:48.440  INFO 2292 --- [Ehcache [_default_]-1] c.developer.onlybuns.logger.CacheLogger  : Cache event: CREATED | key: 46.0993601_19.6436327 | old value: null | new value: 8, Марка Краљевића, Ново село, МЗ Ново Село, Суботица, Град Суботица, Севернобачки управни округ, Војводина, 24000, Србија
2025-07-19 19:47:48.442 DEBUG 2292 --- [http-nio-8080-exec-9] o.e.s.o.t.offheapstore.OffHeapHashMap    : Shrinking table from 32 slots to 1 slots [load-factor=0.0]
2025-07-19 19:47:48.442 DEBUG 2292 --- [http-nio-8080-exec-9] .e.s.o.t.o.p.UpfrontAllocatingPageSource : Allocating a 16B buffer from chunk 0 &4640
2025-07-19 19:47:48.442 DEBUG 2292 --- [http-nio-8080-exec-9] o.e.s.o.t.offheapstore.OffHeapHashMap    : Table shrinking from 32 slots to 1 slots complete : took 0.6386ms
2025-07-19 19:47:48.443 DEBUG 2292 --- [http-nio-8080-exec-9] .e.s.o.t.o.p.UpfrontAllocatingPageSource : Freeing a 512B buffer from chunk 0 &3072
2025-07-19 19:47:48.443  INFO 2292 --- [Ehcache [_default_]-1] c.developer.onlybuns.logger.CacheLogger  : Cache event: EXPIRED | key: 45.8287792_20.45098 | old value: 46, Сутјеска, АБЦ насеље, Кикинда, Град Кикинда, Севернобанатски управни округ, Војводина, 23300, Србија | new value: null
2025-07-19 19:47:48.444 TRACE 2292 --- [http-nio-8080-exec-9] o.s.cache.interceptor.CacheInterceptor   : No cache entry for key '45.8287792_20.45098' in cache(s) [lokacijaAdresaCache]
2025-07-19 19:47:48.444 TRACE 2292 --- [http-nio-8080-exec-9] o.s.cache.interceptor.CacheInterceptor   : Computed cache key '45.8287792_20.45098' for operation Builder[public java.lang.String com.developer.onlybuns.service.impl.LokacijaServiceImpl.getAdresa(double,double)] caches=[lokacijaAdresaCache] | key='#latituda + '_' + #longituda' | keyGenerator='' | cacheManager='' | cacheResolver='' | condition='' | unless='#result == null' | sync='false'
2025-07-19 19:47:48.444  INFO 2292 --- [http-nio-8080-exec-9] c.d.o.service.impl.LokacijaServiceImpl   : >>> FETCHING address from API for: 45.8287792 , 20.45098
2025-07-19 19:47:49.386  INFO 2292 --- [Ehcache [_default_]-1] c.developer.onlybuns.logger.CacheLogger  : Cache event: CREATED | key: 45.8287792_20.45098 | old value: null | new value: 46, Сутјеска, АБЦ насеље, Кикинда, Град Кикинда, Севернобанатски управни округ, Војводина, 23300, Србија
2025-07-19 19:47:49.440 TRACE 2292 --- [http-nio-8080-exec-5] o.s.cache.interceptor.CacheInterceptor   : Computed cache key '45.8147097_20.4606593' for operation Builder[public java.lang.String com.developer.onlybuns.service.impl.LokacijaServiceImpl.getAdresa(double,double)] caches=[lokacijaAdresaCache] | key='#latituda + '_' + #longituda' | keyGenerator='' | cacheManager='' | cacheResolver='' | condition='' | unless='#result == null' | sync='false'
2025-07-19 19:47:49.441 TRACE 2292 --- [http-nio-8080-exec-5] o.s.cache.interceptor.CacheInterceptor   : Cache entry for key '45.8147097_20.4606593' found in cache 'lokacijaAdresaCache'
2025-07-19 19:47:49.442 TRACE 2292 --- [http-nio-8080-exec-5] o.s.cache.interceptor.CacheInterceptor   : Computed cache key '45.8305733_20.4542949' for operation Builder[public java.lang.String com.developer.onlybuns.service.impl.LokacijaServiceImpl.getAdresa(double,double)] caches=[lokacijaAdresaCache] | key='#latituda + '_' + #longituda' | keyGenerator='' | cacheManager='' | cacheResolver='' | condition='' | unless='#result == null' | sync='false'
2025-07-19 19:47:49.443 TRACE 2292 --- [http-nio-8080-exec-5] o.s.cache.interceptor.CacheInterceptor   : Cache entry for key '45.8305733_20.4542949' found in cache 'lokacijaAdresaCache'
2025-07-19 19:47:49.443 TRACE 2292 --- [http-nio-8080-exec-5] o.s.cache.interceptor.CacheInterceptor   : Computed cache key '46.0993601_19.6436327' for operation Builder[public java.lang.String com.developer.onlybuns.service.impl.LokacijaServiceImpl.getAdresa(double,double)] caches=[lokacijaAdresaCache] | key='#latituda + '_' + #longituda' | keyGenerator='' | cacheManager='' | cacheResolver='' | condition='' | unless='#result == null' | sync='false'
2025-07-19 19:47:49.444 TRACE 2292 --- [http-nio-8080-exec-5] o.s.cache.interceptor.CacheInterceptor   : Cache entry for key '46.0993601_19.6436327' found in cache 'lokacijaAdresaCache'
2025-07-19 19:47:49.444 TRACE 2292 --- [http-nio-8080-exec-5] o.s.cache.interceptor.CacheInterceptor   : Computed cache key '45.8287792_20.45098' for operation Builder[public java.lang.String com.developer.onlybuns.service.impl.LokacijaServiceImpl.getAdresa(double,double)] caches=[lokacijaAdresaCache] | key='#latituda + '_' + #longituda' | keyGenerator='' | cacheManager='' | cacheResolver='' | condition='' | unless='#result == null' | sync='false'
2025-07-19 19:47:49.445 TRACE 2292 --- [http-nio-8080-exec-5] o.s.cache.interceptor.CacheInterceptor   : Cache entry for key '45.8287792_20.45098' found in cache 'lokacijaAdresaCache'
2025-07-19 19:47:53.010 TRACE 2292 --- [http-nio-8080-exec-6] o.s.cache.interceptor.CacheInterceptor   : Computed cache key '45.8287792_20.45098' for operation Builder[public java.lang.String com.developer.onlybuns.service.impl.LokacijaServiceImpl.getAdresa(double,double)] caches=[lokacijaAdresaCache] | key='#latituda + '_' + #longituda' | keyGenerator='' | cacheManager='' | cacheResolver='' | condition='' | unless='#result == null' | sync='false'
2025-07-19 19:47:53.010 TRACE 2292 --- [http-nio-8080-exec-6] o.s.cache.interceptor.CacheInterceptor   : Cache entry for key '45.8287792_20.45098' found in cache 'lokacijaAdresaCache'
2025-07-19 19:47:53.011 TRACE 2292 --- [http-nio-8080-exec-6] o.s.cache.interceptor.CacheInterceptor   : Computed cache key '46.0993601_19.6436327' for operation Builder[public java.lang.String com.developer.onlybuns.service.impl.LokacijaServiceImpl.getAdresa(double,double)] caches=[lokacijaAdresaCache] | key='#latituda + '_' + #longituda' | keyGenerator='' | cacheManager='' | cacheResolver='' | condition='' | unless='#result == null' | sync='false'
2025-07-19 19:47:53.011 TRACE 2292 --- [http-nio-8080-exec-6] o.s.cache.interceptor.CacheInterceptor   : Cache entry for key '46.0993601_19.6436327' found in cache 'lokacijaAdresaCache'
2025-07-19 19:47:53.012 TRACE 2292 --- [http-nio-8080-exec-6] o.s.cache.interceptor.CacheInterceptor   : Computed cache key '45.8305733_20.4542949' for operation Builder[public java.lang.String com.developer.onlybuns.service.impl.LokacijaServiceImpl.getAdresa(double,double)] caches=[lokacijaAdresaCache] | key='#latituda + '_' + #longituda' | keyGenerator='' | cacheManager='' | cacheResolver='' | condition='' | unless='#result == null' | sync='false'
2025-07-19 19:47:53.012 TRACE 2292 --- [http-nio-8080-exec-6] o.s.cache.interceptor.CacheInterceptor   : Cache entry for key '45.8305733_20.4542949' found in cache 'lokacijaAdresaCache'
2025-07-19 19:47:53.012 TRACE 2292 --- [http-nio-8080-exec-6] o.s.cache.interceptor.CacheInterceptor   : Computed cache key '45.8147097_20.4606593' for operation Builder[public java.lang.String com.developer.onlybuns.service.impl.LokacijaServiceImpl.getAdresa(double,double)] caches=[lokacijaAdresaCache] | key='#latituda + '_' + #longituda' | keyGenerator='' | cacheManager='' | cacheResolver='' | condition='' | unless='#result == null' | sync='false'
2025-07-19 19:47:53.013 TRACE 2292 --- [http-nio-8080-exec-6] o.s.cache.interceptor.CacheInterceptor   : Cache entry for key '45.8147097_20.4606593' found in cache 'lokacijaAdresaCache'
2025-07-19 19:47:53.046 TRACE 2292 --- [http-nio-8080-exec-7] o.s.cache.interceptor.CacheInterceptor   : Computed cache key '45.8287792_20.45098' for operation Builder[public java.lang.String com.developer.onlybuns.service.impl.LokacijaServiceImpl.getAdresa(double,double)] caches=[lokacijaAdresaCache] | key='#latituda + '_' + #longituda' | keyGenerator='' | cacheManager='' | cacheResolver='' | condition='' | unless='#result == null' | sync='false'
2025-07-19 19:47:53.046 TRACE 2292 --- [http-nio-8080-exec-7] o.s.cache.interceptor.CacheInterceptor   : Cache entry for key '45.8287792_20.45098' found in cache 'lokacijaAdresaCache'
2025-07-19 19:47:53.047 TRACE 2292 --- [http-nio-8080-exec-7] o.s.cache.interceptor.CacheInterceptor   : Computed cache key '46.0993601_19.6436327' for operation Builder[public java.lang.String com.developer.onlybuns.service.impl.LokacijaServiceImpl.getAdresa(double,double)] caches=[lokacijaAdresaCache] | key='#latituda + '_' + #longituda' | keyGenerator='' | cacheManager='' | cacheResolver='' | condition='' | unless='#result == null' | sync='false'
2025-07-19 19:47:53.047 TRACE 2292 --- [http-nio-8080-exec-7] o.s.cache.interceptor.CacheInterceptor   : Cache entry for key '46.0993601_19.6436327' found in cache 'lokacijaAdresaCache'
2025-07-19 19:47:53.047 TRACE 2292 --- [http-nio-8080-exec-7] o.s.cache.interceptor.CacheInterceptor   : Computed cache key '45.8305733_20.4542949' for operation Builder[public java.lang.String com.developer.onlybuns.service.impl.LokacijaServiceImpl.getAdresa(double,double)] caches=[lokacijaAdresaCache] | key='#latituda + '_' + #longituda' | keyGenerator='' | cacheManager='' | cacheResolver='' | condition='' | unless='#result == null' | sync='false'
2025-07-19 19:47:53.047 TRACE 2292 --- [http-nio-8080-exec-7] o.s.cache.interceptor.CacheInterceptor   : Cache entry for key '45.8305733_20.4542949' found in cache 'lokacijaAdresaCache'
2025-07-19 19:47:53.048 TRACE 2292 --- [http-nio-8080-exec-7] o.s.cache.interceptor.CacheInterceptor   : Computed cache key '45.8147097_20.4606593' for operation Builder[public java.lang.String com.developer.onlybuns.service.impl.LokacijaServiceImpl.getAdresa(double,double)] caches=[lokacijaAdresaCache] | key='#latituda + '_' + #longituda' | keyGenerator='' | cacheManager='' | cacheResolver='' | condition='' | unless='#result == null' | sync='false'
2025-07-19 19:47:53.049 TRACE 2292 --- [http-nio-8080-exec-7] o.s.cache.interceptor.CacheInterceptor   : Cache entry for key '45.8147097_20.4606593' found in cache 'lokacijaAdresaCache'
